[02:11:57 LOG] Application: Program Initialised
[02:11:57 LOG] Camera Controller: Found 0 targetable bodies
[02:11:58 LOG] LoadCellManager: Loaded system Eccentricity Test with 1 Stars	|	 2 Planets	|	 0 Belts
[02:11:58 LOG] LoadCellManager: Loaded system Erianna-715 with 1 Stars	|	 12 Planets	|	 1 Belts
[02:11:58 LOG] LoadCellManager: Loaded system Greg with 2 Stars	|	 13 Planets	|	 2 Belts
[02:11:58 LOG] LoadCellManager: Loaded system Kerman-371 with 1 Stars	|	 8 Planets	|	 1 Belts
[02:11:58 LOG] LoadCellManager: Loaded system Pletelyos-966 with 1 Stars	|	 8 Planets	|	 1 Belts
[02:11:58 LOG] LoadCellManager: Loaded system Sol with 1 Stars	|	 14 Planets	|	 2 Belts
[02:11:58 LOG] System Loader: Built Systems List
[02:11:59 LOG] SystemManager: Recieved system Sol
[02:12:00 LOG] SystemManager: Info box set to new data
[02:12:00 LOG] SystemManager: Loading system from C:/Users/Spartwo/Documents/GitHub/StellarGen/Project/StellarGen/Assets/StreamingAssets/Star_Systems/Sol.json
[02:12:00 LOG] SystemManager: Loading star -325575754
[02:12:00 LOG] StarManager: Star Sol has a parent of 0
[02:12:00 LOG] Orbit Manager: Establishing Orbit for 0
[02:12:00 LOG] StarManager: Star Sol has a temperature of 5774 K and a colour of RGBA(0.788, 1.000, 1.000, 1.000)
[02:12:00 LOG] SystemManager: Loading planet -87555334
[02:12:00 LOG] Orbit Manager: Establishing Orbit for -325575754
[02:12:00 LOG] Orbit Manager: Orbit constants calculated: mu = 2.22213758719597E-05, n = 0.0195798678695703, trueAnomalyConstant = 1.23114717006683, cosLOAN = 0.665230393409729, sinLOAN = 0.746638178825378, cosI = 0.992546141147614, sinI = 0.121869340538979
[02:12:00 LOG] SystemManager: Loading planet -87555335
[02:12:00 LOG] Orbit Manager: Establishing Orbit for -325575754
[02:12:00 LOG] Orbit Manager: Orbit constants calculated: mu = 2.2221325133466E-05, n = 0.00766775551639478, trueAnomalyConstant = 1.00601816177368, cosLOAN = 0.228605687618256, sinLOAN = 0.973519086837769, cosI = 0.998250186443329, sinI = 0.0591321475803852
[02:12:00 LOG] SystemManager: Loading planet -87555336
[02:12:00 LOG] Orbit Manager: Establishing Orbit for -325575754
[02:12:00 LOG] Orbit Manager: Orbit constants calculated: mu = 2.222131284E-05, n = 0.00471384844812765, trueAnomalyConstant = 1.01613008975983, cosLOAN = 0.949578821659088, sinLOAN = 0.313528418540955, cosI = 1, sinI = 0
[02:12:00 LOG] SystemManager: Loading planet -87555337
[02:12:00 LOG] Orbit Manager: Establishing Orbit for -87555336
[02:12:00 LOG] Orbit Manager: Orbit constants calculated: mu = 6.59041608282924E-11, n = 0.0623085247397273, trueAnomalyConstant = 1.0564934015274, cosLOAN = 1, sinLOAN = 0, cosI = 0.995970964431763, sinI = 0.089676558971405
[02:12:00 LOG] SystemManager: Loading planet -87555338
[02:12:00 LOG] Orbit Manager: Establishing Orbit for -325575754
[02:12:00 LOG] Orbit Manager: Orbit constants calculated: mu = 2.22213723850855E-05, n = 0.0025055247583892, trueAnomalyConstant = 1.09775757789612, cosLOAN = 0.647228956222534, sinLOAN = 0.762295663356781, cosI = 0.999478757381439, sinI = 0.0322829820215702
[02:12:00 LOG] SystemManager: Loading planet -87555339
[02:12:00 LOG] Orbit Manager: Establishing Orbit for -87555338
[02:12:00 LOG] Orbit Manager: Orbit constants calculated: mu = 6.50771447986364E-12, n = 0.0054888088757286, trueAnomalyConstant = 1, cosLOAN = 1, sinLOAN = 0, cosI = 1, sinI = 0
[02:12:00 LOG] SystemManager: Loading planet -87555340
[02:12:00 LOG] Orbit Manager: Establishing Orbit for -87555338
[02:12:00 LOG] Orbit Manager: Orbit constants calculated: mu = 6.50771447986364E-12, n = 0.0054888088757286, trueAnomalyConstant = 1, cosLOAN = 1, sinLOAN = 0, cosI = 1, sinI = 0
[02:12:00 LOG] SystemManager: Loading planet -87555341
[02:12:00 LOG] Orbit Manager: Establishing Orbit for -325575754
[02:12:00 LOG] Orbit Manager: Orbit constants calculated: mu = 2.22213795493248E-05, n = 0.00102248418506784, trueAnomalyConstant = 1.12358510494232, cosLOAN = 0.168489322066307, sinLOAN = 0.985703468322754, cosI = 0.982967436313629, sinI = 0.183779790997505
[02:12:00 LOG] SystemManager: Loading planet -87555342
[02:12:00 LOG] Orbit Manager: Establishing Orbit for -325575754
[02:12:00 LOG] Orbit Manager: Orbit constants calculated: mu = 2.22001759448145E-05, n = 0.000396997890845689, trueAnomalyConstant = 1.05015635490417, cosLOAN = -0.180347472429276, sinLOAN = 0.983602941036224, cosI = 0.99973863363266, sinI = 0.0228618197143078
[02:12:00 LOG] SystemManager: Loading planet -87555343
[02:12:00 LOG] Orbit Manager: Establishing Orbit for -325575754
[02:12:00 LOG] Orbit Manager: Orbit constants calculated: mu = 2.22213723850855E-05, n = 0.000158865032132523, trueAnomalyConstant = 1.05819034576416, cosLOAN = -0.402746677398682, sinLOAN = 0.915311455726624, cosI = 0.999055802822113, sinI = 0.0434450209140778
[02:12:00 LOG] SystemManager: Loading planet -87555344
[02:12:00 LOG] Orbit Manager: Establishing Orbit for -325575754
[02:12:00 LOG] Orbit Manager: Orbit constants calculated: mu = 2.22204097180632E-05, n = 5.62075150940593E-05, trueAnomalyConstant = 1.04815828800201, cosLOAN = 0.276308387517929, sinLOAN = 0.961069047451019, cosI = 0.999909698963165, sinI = 0.0134386299178004
[02:12:00 LOG] SystemManager: Loading planet -87555345
[02:12:00 LOG] Orbit Manager: Establishing Orbit for -325575754
[02:12:00 LOG] Orbit Manager: Orbit constants calculated: mu = 2.22202359792407E-05, n = 2.82311610629814E-05, trueAnomalyConstant = 1.00803220272064, cosLOAN = -0.666792750358582, sinLOAN = 0.745243191719055, cosI = 0.999522864818573, sinI = 0.0308874137699604
[02:12:00 LOG] SystemManager: Loading planet -87555346
[02:12:00 LOG] Orbit Manager: Establishing Orbit for -325575754
[02:12:00 LOG] Orbit Manager: Orbit constants calculated: mu = 2.22213794145504E-05, n = 1.90076098960623E-05, trueAnomalyConstant = 1.28934359550476, cosLOAN = -0.343331903219223, sinLOAN = 0.939214169979095, cosI = 0.95558750629425, sinI = 0.294707506895065
[02:12:00 LOG] SystemManager: Loading planet -87555347
[02:12:00 LOG] Orbit Manager: Establishing Orbit for -87555346
[02:12:00 LOG] Orbit Manager: Orbit constants calculated: mu = 1.25700483717956E-13, n = 0.236583078776716, trueAnomalyConstant = 1.00020003318787, cosLOAN = -0.73080587387085, sinLOAN = -0.68258535861969, cosI = 0.999999046325684, sinI = 0.00139626290183514
[02:12:00 LOG] SystemManager: Loading belt -87555337
[02:12:00 LOG] Camera Controller: Found 14 targetable bodies
[02:12:02 LOG] Camera Controller: Double Click Reparented from 0 (UnityEngine.Transform) to -325575754
[02:12:02 LOG] SystemManager: Info box set to new data
[02:12:03 LOG] SystemManager: Recieved system Eccentricity Test
[02:12:04 LOG] SystemManager: Info box set to new data
[02:12:04 LOG] SystemManager: Loading system from C:/Users/Spartwo/Documents/GitHub/StellarGen/Project/StellarGen/Assets/StreamingAssets/Star_Systems/Eccentricity.json
[02:12:04 LOG] SystemManager: Loading star -325571754
[02:12:04 LOG] StarManager: Star Star has a parent of 0
[02:12:04 LOG] Orbit Manager: Establishing Orbit for 0
[02:12:04 LOG] StarManager: Star Star has a temperature of 5774 K and a colour of RGBA(0.788, 1.000, 1.000, 1.000)
[02:12:04 LOG] SystemManager: Loading planet -87555335
[02:12:04 LOG] Orbit Manager: Establishing Orbit for -325571754
[02:12:04 LOG] Orbit Manager: Orbit constants calculated: mu = 2.2221325133466E-05, n = 0.00471384975204538, trueAnomalyConstant = 3.14158630371094, cosLOAN = 0.949578821659088, sinLOAN = 0.313528418540955, cosI = 1, sinI = 0
[02:12:04 LOG] SystemManager: Loading planet -87555336
[02:12:04 LOG] Orbit Manager: Establishing Orbit for -325571754
[02:12:04 LOG] Orbit Manager: Orbit constants calculated: mu = 2.222131284E-05, n = 0.00471384844812765, trueAnomalyConstant = 1.01613008975983, cosLOAN = 0.949578821659088, sinLOAN = 0.313528418540955, cosI = 1, sinI = 0
[02:12:04 LOG] Camera Controller: Found 2 targetable bodies
[02:12:08 LOG] SystemManager: Recieved system Greg
[02:12:09 LOG] SystemManager: Info box set to new data
[02:12:09 LOG] SystemManager: Loading system from C:/Users/Spartwo/Documents/GitHub/StellarGen/Project/StellarGen/Assets/StreamingAssets/Star_Systems/Greg.json
[02:12:09 LOG] SystemManager: Loading star 61471832
[02:12:09 LOG] StarManager: Star Greg-A has a parent of 0
[02:12:09 LOG] Orbit Manager: Establishing Orbit for 0
[02:12:09 LOG] Orbit Manager: Orbit constants calculated: mu = 1.079604243E-05, n = 1.78572039243431E-06, trueAnomalyConstant = 3.24482941627502, cosLOAN = -1, sinLOAN = 1.22464685258517E-16, cosI = 1, sinI = 0
[02:12:09 LOG] StarManager: Star Greg-A has a temperature of 7101 K and a colour of RGBA(0.627, 0.984, 1.000, 1.000)
[02:12:09 LOG] SystemManager: Loading star 25799898
[02:12:09 LOG] StarManager: Star Greg-B has a parent of 0
[02:12:09 LOG] Orbit Manager: Establishing Orbit for 0
[02:12:09 LOG] Orbit Manager: Orbit constants calculated: mu = 3.83086672275E-05, n = 5.0324715499217E-07, trueAnomalyConstant = 3.24482941627502, cosLOAN = 1, sinLOAN = 0, cosI = 1, sinI = 0
[02:12:09 LOG] StarManager: Star Greg-B has a temperature of 4399 K and a colour of RGBA(0.906, 1.000, 0.804, 1.000)
[02:12:09 LOG] SystemManager: Loading planet 4369555
[02:12:09 LOG] Orbit Manager: Establishing Orbit for 25799898
[02:12:09 LOG] Orbit Manager: Orbit constants calculated: mu = 1.07948601522821E-05, n = 0.00998599914583547, trueAnomalyConstant = 1.19624125957489, cosLOAN = -0.963003933429718, sinLOAN = -0.269487261772156, cosI = 0.99863213300705, sinI = 0.0522867143154144
[02:12:09 LOG] SystemManager: Loading planet 16061740
[02:12:09 LOG] Orbit Manager: Establishing Orbit for 25799898
[02:12:09 LOG] Orbit Manager: Orbit constants calculated: mu = 1.0795749597133E-05, n = 3.96810755001929E-05, trueAnomalyConstant = 1.02305901050568, cosLOAN = 0.91223132610321, sinLOAN = 0.409675538539886, cosI = 0.999979078769684, sinI = 0.00646664248779416
[02:12:09 LOG] SystemManager: Loading planet 4089949
[02:12:09 LOG] Orbit Manager: Establishing Orbit for 25799898
[02:12:09 LOG] Orbit Manager: Orbit constants calculated: mu = 1.07949425984811E-05, n = 0.0488645660464364, trueAnomalyConstant = 1.21434593200684, cosLOAN = -0.850488662719727, sinLOAN = -0.525993347167969, cosI = 0.998397767543793, sinI = 0.0565856769680977
[02:12:09 LOG] SystemManager: Loading planet 12836083
[02:12:09 LOG] Orbit Manager: Establishing Orbit for 25799898
[02:12:09 LOG] Orbit Manager: Orbit constants calculated: mu = 1.07957431982993E-05, n = 0.000194147948542559, trueAnomalyConstant = 1.03802514076233, cosLOAN = 0.762828290462494, sinLOAN = 0.64660108089447, cosI = 0.999942004680634, sinI = 0.0107718305662274
[02:12:09 LOG] SystemManager: Loading planet 6943127
[02:12:09 LOG] Orbit Manager: Establishing Orbit for 61471832
[02:12:09 LOG] Orbit Manager: Orbit constants calculated: mu = 3.83036341270898E-05, n = 0.0516811667853274, trueAnomalyConstant = 1.12922751903534, cosLOAN = 0.685466945171356, sinLOAN = -0.728103756904602, cosI = 0.998956382274628, sinI = 0.0456746369600296
[02:12:09 LOG] SystemManager: Loading planet 13494125
[02:12:09 LOG] Orbit Manager: Establishing Orbit for 61471832
[02:12:09 LOG] Orbit Manager: Orbit constants calculated: mu = 3.83038339730164E-05, n = 0.000454791291145855, trueAnomalyConstant = 1.05691528320313, cosLOAN = -0.786105215549469, sinLOAN = 0.618092715740204, cosI = 0.999786078929901, sinI = 0.0206833034753799
[02:12:09 LOG] SystemManager: Loading planet 6640378
[02:12:09 LOG] Orbit Manager: Establishing Orbit for 61471832
[02:12:09 LOG] Orbit Manager: Orbit constants calculated: mu = 3.83049805199121E-05, n = 0.11410393746776, trueAnomalyConstant = 1.13631963729858, cosLOAN = 0.860508143901825, sinLOAN = -0.509436666965485, cosI = 0.998846352100372, sinI = 0.0480204299092293
[02:12:09 LOG] SystemManager: Loading planet 12395746
[02:12:09 LOG] Orbit Manager: Establishing Orbit for 61471832
[02:12:09 LOG] Orbit Manager: Orbit constants calculated: mu = 3.83041898187854E-05, n = 0.000204352073651663, trueAnomalyConstant = 1.06347334384918, cosLOAN = -0.926688730716705, sinLOAN = 0.375829786062241, cosI = 0.99973475933075, sinI = 0.0230311155319214
[02:12:09 LOG] SystemManager: Loading planet 6362928
[02:12:09 LOG] Orbit Manager: Establishing Orbit for 61471832
[02:12:09 LOG] Orbit Manager: Orbit constants calculated: mu = 3.83075107946704E-05, n = 0.0231345128322373, trueAnomalyConstant = 1.14346778392792, cosLOAN = 0.968038618564606, sinLOAN = -0.250801265239716, cosI = 0.998730838298798, sinI = 0.0503659583628178
[02:12:09 LOG] SystemManager: Loading planet 11462717
[02:12:09 LOG] Orbit Manager: Establishing Orbit for 61471832
[02:12:09 LOG] Orbit Manager: Orbit constants calculated: mu = 3.83073420749789E-05, n = 0.00099996927463631, trueAnomalyConstant = 1.07007706165314, cosLOAN = -0.994568824768066, sinLOAN = 0.104081109166145, cosI = 0.999677896499634, sinI = 0.0253788009285927
[02:12:09 LOG] SystemManager: Loading planet 57742229
[02:12:09 LOG] Orbit Manager: Establishing Orbit for 61471832
[02:12:09 LOG] Orbit Manager: Orbit constants calculated: mu = 3.83083247073612E-05, n = 1.95246010567681E-05, trueAnomalyConstant = 1.00198841094971, cosLOAN = 0.998989105224609, sinLOAN = 0.0449524372816086, cosI = 0.999999940395355, sinI = 0.000375773757696152
[02:12:09 LOG] SystemManager: Loading planet 10660315
[02:12:09 LOG] Orbit Manager: Establishing Orbit for 61471832
[02:12:09 LOG] Orbit Manager: Orbit constants calculated: mu = 3.83085537700438E-05, n = 0.00220757013851792, trueAnomalyConstant = 1.07672727108002, cosLOAN = -0.984420001506805, sinLOAN = -0.175832986831665, cosI = 0.999615550041199, sinI = 0.0277263447642326
[02:12:09 LOG] SystemManager: Loading planet 41867521
[02:12:09 LOG] Orbit Manager: Establishing Orbit for 61471832
[02:12:09 LOG] Orbit Manager: Orbit constants calculated: mu = 3.83085246148012E-05, n = 4.30975829484602E-05, trueAnomalyConstant = 1.0081844329834, cosLOAN = 0.947334289550781, sinLOAN = 0.320246458053589, cosI = 0.999996304512024, sinI = 0.00272414390929043
[02:12:09 LOG] SystemManager: Loading belt 4369555
[02:12:09 LOG] Camera Controller: Found 15 targetable bodies
[02:12:11 LOG] Camera Controller: Double Click Reparented from 0 (UnityEngine.Transform) to 11462717
[02:12:13 LOG] SystemManager: Recieved system Sol
[02:12:14 LOG] SystemManager: Info box set to new data
[02:12:14 LOG] SystemManager: Loading system from C:/Users/Spartwo/Documents/GitHub/StellarGen/Project/StellarGen/Assets/StreamingAssets/Star_Systems/Sol.json
[02:12:14 LOG] SystemManager: Loading star -325575754
[02:12:14 LOG] StarManager: Star Sol has a parent of 0
[02:12:14 LOG] Orbit Manager: Establishing Orbit for 0
[02:12:14 LOG] StarManager: Star Sol has a temperature of 5774 K and a colour of RGBA(0.788, 1.000, 1.000, 1.000)
[02:12:14 LOG] SystemManager: Loading planet -87555334
[02:12:14 LOG] Orbit Manager: Establishing Orbit for -325575754
[02:12:14 LOG] Orbit Manager: Orbit constants calculated: mu = 2.22213758719597E-05, n = 0.0195798678695703, trueAnomalyConstant = 1.23114717006683, cosLOAN = 0.665230393409729, sinLOAN = 0.746638178825378, cosI = 0.992546141147614, sinI = 0.121869340538979
[02:12:14 LOG] SystemManager: Loading planet -87555335
[02:12:14 LOG] Orbit Manager: Establishing Orbit for -325575754
[02:12:14 LOG] Orbit Manager: Orbit constants calculated: mu = 2.2221325133466E-05, n = 0.00766775551639478, trueAnomalyConstant = 1.00601816177368, cosLOAN = 0.228605687618256, sinLOAN = 0.973519086837769, cosI = 0.998250186443329, sinI = 0.0591321475803852
[02:12:14 LOG] SystemManager: Loading planet -87555336
[02:12:14 LOG] Orbit Manager: Establishing Orbit for -325575754
[02:12:14 LOG] Orbit Manager: Orbit constants calculated: mu = 2.222131284E-05, n = 0.00471384844812765, trueAnomalyConstant = 1.01613008975983, cosLOAN = 0.949578821659088, sinLOAN = 0.313528418540955, cosI = 1, sinI = 0
[02:12:14 LOG] SystemManager: Loading planet -87555337
[02:12:14 LOG] Orbit Manager: Establishing Orbit for -87555336
[02:12:14 LOG] Orbit Manager: Orbit constants calculated: mu = 6.59041608282924E-11, n = 0.0623085247397273, trueAnomalyConstant = 1.0564934015274, cosLOAN = 1, sinLOAN = 0, cosI = 0.995970964431763, sinI = 0.089676558971405
[02:12:14 LOG] SystemManager: Loading planet -87555338
[02:12:14 LOG] Orbit Manager: Establishing Orbit for -325575754
[02:12:14 LOG] Orbit Manager: Orbit constants calculated: mu = 2.22213723850855E-05, n = 0.0025055247583892, trueAnomalyConstant = 1.09775757789612, cosLOAN = 0.647228956222534, sinLOAN = 0.762295663356781, cosI = 0.999478757381439, sinI = 0.0322829820215702
[02:12:14 LOG] SystemManager: Loading planet -87555339
[02:12:14 LOG] Orbit Manager: Establishing Orbit for -87555338
[02:12:14 LOG] Orbit Manager: Orbit constants calculated: mu = 6.50771447986364E-12, n = 0.0054888088757286, trueAnomalyConstant = 1, cosLOAN = 1, sinLOAN = 0, cosI = 1, sinI = 0
[02:12:14 LOG] SystemManager: Loading planet -87555340
[02:12:14 LOG] Orbit Manager: Establishing Orbit for -87555338
[02:12:14 LOG] Orbit Manager: Orbit constants calculated: mu = 6.50771447986364E-12, n = 0.0054888088757286, trueAnomalyConstant = 1, cosLOAN = 1, sinLOAN = 0, cosI = 1, sinI = 0
[02:12:14 LOG] SystemManager: Loading planet -87555341
[02:12:14 LOG] Orbit Manager: Establishing Orbit for -325575754
[02:12:14 LOG] Orbit Manager: Orbit constants calculated: mu = 2.22213795493248E-05, n = 0.00102248418506784, trueAnomalyConstant = 1.12358510494232, cosLOAN = 0.168489322066307, sinLOAN = 0.985703468322754, cosI = 0.982967436313629, sinI = 0.183779790997505
[02:12:14 LOG] SystemManager: Loading planet -87555342
[02:12:14 LOG] Orbit Manager: Establishing Orbit for -325575754
[02:12:14 LOG] Orbit Manager: Orbit constants calculated: mu = 2.22001759448145E-05, n = 0.000396997890845689, trueAnomalyConstant = 1.05015635490417, cosLOAN = -0.180347472429276, sinLOAN = 0.983602941036224, cosI = 0.99973863363266, sinI = 0.0228618197143078
[02:12:14 LOG] SystemManager: Loading planet -87555343
[02:12:14 LOG] Orbit Manager: Establishing Orbit for -325575754
[02:12:14 LOG] Orbit Manager: Orbit constants calculated: mu = 2.22213723850855E-05, n = 0.000158865032132523, trueAnomalyConstant = 1.05819034576416, cosLOAN = -0.402746677398682, sinLOAN = 0.915311455726624, cosI = 0.999055802822113, sinI = 0.0434450209140778
[02:12:14 LOG] SystemManager: Loading planet -87555344
[02:12:14 LOG] Orbit Manager: Establishing Orbit for -325575754
[02:12:14 LOG] Orbit Manager: Orbit constants calculated: mu = 2.22204097180632E-05, n = 5.62075150940593E-05, trueAnomalyConstant = 1.04815828800201, cosLOAN = 0.276308387517929, sinLOAN = 0.961069047451019, cosI = 0.999909698963165, sinI = 0.0134386299178004
[02:12:14 LOG] SystemManager: Loading planet -87555345
[02:12:14 LOG] Orbit Manager: Establishing Orbit for -325575754
[02:12:14 LOG] Orbit Manager: Orbit constants calculated: mu = 2.22202359792407E-05, n = 2.82311610629814E-05, trueAnomalyConstant = 1.00803220272064, cosLOAN = -0.666792750358582, sinLOAN = 0.745243191719055, cosI = 0.999522864818573, sinI = 0.0308874137699604
[02:12:14 LOG] SystemManager: Loading planet -87555346
[02:12:14 LOG] Orbit Manager: Establishing Orbit for -325575754
[02:12:14 LOG] Orbit Manager: Orbit constants calculated: mu = 2.22213794145504E-05, n = 1.90076098960623E-05, trueAnomalyConstant = 1.28934359550476, cosLOAN = -0.343331903219223, sinLOAN = 0.939214169979095, cosI = 0.95558750629425, sinI = 0.294707506895065
[02:12:14 LOG] SystemManager: Loading planet -87555347
[02:12:14 LOG] Orbit Manager: Establishing Orbit for -87555346
[02:12:14 LOG] Orbit Manager: Orbit constants calculated: mu = 1.25700483717956E-13, n = 0.236583078776716, trueAnomalyConstant = 1.00020003318787, cosLOAN = -0.73080587387085, sinLOAN = -0.68258535861969, cosI = 0.999999046325684, sinI = 0.00139626290183514
[02:12:14 LOG] SystemManager: Loading belt -87555337
[02:12:14 LOG] Camera Controller: Found 14 targetable bodies
